<?xml version="1.0" encoding="utf-8"?><testsuites name="pytest tests"><testsuite name="pytest" errors="0" failures="3" skipped="0" tests="5" time="24.593" timestamp="2025-11-07T17:41:57.206128+08:00" hostname="WIN-5IHKTB75JPV"><testcase classname="tests.integration.test_end_to_end.TestFullSystemIntegration" name="test_complete_decision_pipeline" time="12.667"><failure message="TypeError: SystemMonitor.record_market_state() got an unexpected keyword argument 'state'">tests\integration\test_end_to_end.py:55: in test_complete_decision_pipeline
    monitor.record_market_state(
E   TypeError: SystemMonitor.record_market_state() got an unexpected keyword argument 'state'</failure></testcase><testcase classname="tests.integration.test_end_to_end.TestFullSystemIntegration" name="test_adaptive_decision_cycle" time="10.120" /><testcase classname="tests.integration.test_end_to_end.TestFullSystemIntegration" name="test_weight_optimization_cycle" time="0.146"><failure message="AttributeError: 'DecisionEngine' object has no attribute 'update_weights'">tests\integration\test_end_to_end.py:135: in test_weight_optimization_cycle
    engine.update_weights(new_weights)
    ^^^^^^^^^^^^^^^^^^^^^
E   AttributeError: 'DecisionEngine' object has no attribute 'update_weights'</failure></testcase><testcase classname="tests.integration.test_end_to_end.TestFullSystemIntegration" name="test_data_pipeline_integration" time="0.245" /><testcase classname="tests.integration.test_end_to_end.TestFullSystemIntegration" name="test_error_resilience" time="0.048"><failure message="assert 0 &gt;= 2">tests\integration\test_end_to_end.py:179: in test_error_resilience
    assert summary['total_decisions'] &gt;= 2
E   assert 0 &gt;= 2</failure></testcase></testsuite></testsuites>