<?xml version="1.0" encoding="utf-8"?><testsuites name="pytest tests"><testsuite name="pytest" errors="0" failures="11" skipped="0" tests="59" time="6.724" timestamp="2025-11-07T17:43:20.642949+08:00" hostname="WIN-5IHKTB75JPV"><testcase classname="tests.test_risk_modules.TestMarketTimingGate" name="test_assess_market_risk" time="0.024" /><testcase classname="tests.test_risk_modules.TestMarketTimingGate" name="test_compute_market_sentiment" time="0.007" /><testcase classname="tests.test_risk_modules.TestMarketTimingGate" name="test_disabled_timing" time="0.004" /><testcase classname="tests.test_risk_modules.TestMarketTimingGate" name="test_generate_timing_signal" time="0.017" /><testcase classname="tests.test_risk_modules.TestMarketTimingGate" name="test_initialization" time="0.004" /><testcase classname="tests.test_risk_modules.TestMarketTimingGate" name="test_position_size_factor" time="0.007" /><testcase classname="tests.test_risk_modules.TestMarketTimingGate" name="test_should_trade" time="0.008" /><testcase classname="tests.test_risk_modules.TestLiquidityRiskFilter" name="test_check_price" time="0.006" /><testcase classname="tests.test_risk_modules.TestLiquidityRiskFilter" name="test_check_st_status" time="0.005" /><testcase classname="tests.test_risk_modules.TestLiquidityRiskFilter" name="test_check_turnover" time="0.004" /><testcase classname="tests.test_risk_modules.TestLiquidityRiskFilter" name="test_check_volume" time="0.004" /><testcase classname="tests.test_risk_modules.TestLiquidityRiskFilter" name="test_compute_risk_score" time="0.004" /><testcase classname="tests.test_risk_modules.TestLiquidityRiskFilter" name="test_filter_stock" time="0.012" /><testcase classname="tests.test_risk_modules.TestLiquidityRiskFilter" name="test_filter_stocks_batch" time="0.085" /><testcase classname="tests.test_risk_modules.TestLiquidityRiskFilter" name="test_get_filter_stats" time="0.082" /><testcase classname="tests.test_risk_modules.TestLiquidityRiskFilter" name="test_get_passed_stocks" time="0.082" /><testcase classname="tests.test_risk_modules.TestLiquidityRiskFilter" name="test_initialization" time="0.004" /><testcase classname="tests.test_risk_modules.TestIntegration" name="test_combined_workflow" time="0.011"><failure message="ValueError: too many values to unpack (expected 3)">tests\test_risk_modules.py:251: in test_combined_workflow
    should_trade, reason, signal = gate.should_trade(market_data), *gate.generate_timing_signal(market_data).values()
    ^^^^^^^^^^^^^^^^^^^^^^^^^^^^
E   ValueError: too many values to unpack (expected 3)</failure></testcase><testcase classname="tests.test_cache_config.TestConfigManager" name="test_env_override" time="0.006" /><testcase classname="tests.test_cache_config.TestConfigManager" name="test_get_config_value" time="0.004" /><testcase classname="tests.test_cache_config.TestConfigManager" name="test_get_section" time="0.003" /><testcase classname="tests.test_cache_config.TestConfigManager" name="test_global_config_singleton" time="0.004" /><testcase classname="tests.test_cache_config.TestConfigManager" name="test_initialization" time="0.003" /><testcase classname="tests.test_cache_config.TestConfigManager" name="test_save_and_load" time="0.116" /><testcase classname="tests.test_cache_config.TestConfigManager" name="test_set_config_value" time="0.003" /><testcase classname="tests.test_cache_config.TestConfigManager" name="test_type_conversion" time="0.003" /><testcase classname="tests.test_cache_config.TestConfigManager" name="test_validate" time="0.004" /><testcase classname="tests.test_cache_config.TestFeatureCache" name="test_cache_key_computation" time="0.005" /><testcase classname="tests.test_cache_config.TestFeatureCache" name="test_cache_stats" time="0.034" /><testcase classname="tests.test_cache_config.TestFeatureCache" name="test_cached_decorator" time="0.014" /><testcase classname="tests.test_cache_config.TestFeatureCache" name="test_clear_all" time="0.009" /><testcase classname="tests.test_cache_config.TestFeatureCache" name="test_initialization" time="0.004" /><testcase classname="tests.test_cache_config.TestFeatureCache" name="test_invalidate" time="0.015" /><testcase classname="tests.test_cache_config.TestFeatureCache" name="test_list_cached_features" time="0.010" /><testcase classname="tests.test_cache_config.TestFeatureCache" name="test_set_and_get" time="0.008" /><testcase classname="tests.test_cache_config.TestIntegration" name="test_config_with_cache" time="0.019" /><testcase classname="tests.test_core_modules.TestConfigManager" name="test_default_config_loaded" time="0.002" /><testcase classname="tests.test_core_modules.TestConfigManager" name="test_get_config_value" time="0.002" /><testcase classname="tests.test_core_modules.TestConfigManager" name="test_get_section" time="0.002" /><testcase classname="tests.test_core_modules.TestConfigManager" name="test_set_config_value" time="0.003" /><testcase classname="tests.test_core_modules.TestConfigManager" name="test_validate_config" time="0.004"><failure message="AssertionError: False is not true">tests\test_core_modules.py:62: in test_validate_config
    self.assertTrue(is_valid)
E   AssertionError: False is not true</failure></testcase><testcase classname="tests.test_core_modules.TestKellyPositionManager" name="test_apply_constraints" time="0.004"><failure message="AttributeError: 'KellyPositionManager' object has no attribute 'config'">tests\test_core_modules.py:158: in test_apply_constraints
    max_position = self.manager.config['max_position']
                   ^^^^^^^^^^^^^^^^^^^
E   AttributeError: 'KellyPositionManager' object has no attribute 'config'</failure></testcase><testcase classname="tests.test_core_modules.TestKellyPositionManager" name="test_calculate_kelly_fraction" time="0.001"><failure message="AttributeError: 'KellyPositionManager' object has no attribute 'calculate_kelly_fraction'">tests\test_core_modules.py:95: in test_calculate_kelly_fraction
    kelly = self.manager.calculate_kelly_fraction(
            ^^^^^^^^^^^^^^^^^^^^^^^^^^^^^^^^^^^^^
E   AttributeError: 'KellyPositionManager' object has no attribute 'calculate_kelly_fraction'</failure></testcase><testcase classname="tests.test_core_modules.TestKellyPositionManager" name="test_calculate_positions" time="0.004"><failure message="AttributeError: 'list' object has no attribute 'values'">tests\test_core_modules.py:138: in test_calculate_positions
    total_position = sum(p['position_size'] for p in positions.values())
                                                     ^^^^^^^^^^^^^^^^
E   AttributeError: 'list' object has no attribute 'values'</failure></testcase><testcase classname="tests.test_core_modules.TestKellyPositionManager" name="test_initialization" time="0.001"><failure message="AttributeError: 'KellyPositionManager' object has no attribute 'config'">tests\test_core_modules.py:90: in test_initialization
    self.assertIsNotNone(self.manager.config)
                         ^^^^^^^^^^^^^^^^^^^
E   AttributeError: 'KellyPositionManager' object has no attribute 'config'</failure></testcase><testcase classname="tests.test_core_modules.TestMarketCircuitBreaker" name="test_halt_market_condition" time="0.002"><failure message="AttributeError: 'MarketSignal' object has no attribute 'level'">tests\test_core_modules.py:233: in test_halt_market_condition
    self.assertEqual(signal.level, 4)  # HALT
                     ^^^^^^^^^^^^
E   AttributeError: 'MarketSignal' object has no attribute 'level'</failure></testcase><testcase classname="tests.test_core_modules.TestMarketCircuitBreaker" name="test_history_recording" time="0.002" /><testcase classname="tests.test_core_modules.TestMarketCircuitBreaker" name="test_initialization" time="0.001" /><testcase classname="tests.test_core_modules.TestMarketCircuitBreaker" name="test_normal_market_condition" time="0.002"><failure message="AttributeError: 'MarketSignal' object has no attribute 'level'">tests\test_core_modules.py:192: in test_normal_market_condition
    self.assertEqual(signal.level, 0)  # NORMAL
                     ^^^^^^^^^^^^
E   AttributeError: 'MarketSignal' object has no attribute 'level'</failure></testcase><testcase classname="tests.test_core_modules.TestMarketCircuitBreaker" name="test_warning_market_condition" time="0.002"><failure message="AttributeError: 'MarketSignal' object has no attribute 'level'">tests\test_core_modules.py:213: in test_warning_market_condition
    self.assertGreaterEqual(signal.level, 1)  # WARNING or higher
                            ^^^^^^^^^^^^
E   AttributeError: 'MarketSignal' object has no attribute 'level'</failure></testcase><testcase classname="tests.test_core_modules.TestNotifier" name="test_get_history" time="0.004"><failure message="AssertionError: 0 != 3">tests\test_core_modules.py:352: in test_get_history
    self.assertEqual(len(history), 3)
E   AssertionError: 0 != 3</failure></testcase><testcase classname="tests.test_core_modules.TestNotifier" name="test_initialization" time="0.002" /><testcase classname="tests.test_core_modules.TestNotifier" name="test_send_auction_signal" time="0.002" /><testcase classname="tests.test_core_modules.TestNotifier" name="test_send_basic_message" time="0.002"><failure message="AssertionError: 0 != 1">tests\test_core_modules.py:293: in test_send_basic_message
    self.assertEqual(len(self.notifier.history), 1)
E   AssertionError: 0 != 1</failure></testcase><testcase classname="tests.test_core_modules.TestNotifier" name="test_send_buy_notification" time="0.002" /><testcase classname="tests.test_core_modules.TestNotifier" name="test_send_daily_report" time="0.002" /><testcase classname="tests.test_core_modules.TestNotifier" name="test_send_sell_notification" time="0.002" /><testcase classname="tests.test_core_modules.TestWorkflowIntegration" name="test_config_workflow_integration" time="0.001" /><testcase classname="tests.test_core_modules.TestWorkflowIntegration" name="test_kelly_breaker_integration" time="0.003" /></testsuite></testsuites>